<?xml version="1.0" encoding="UTF-8"?>
<coverage generated="1575180017346" clover="3.2.0">
  <project timestamp="1575180017346" name="All files">
    <metrics statements="62" coveredstatements="62" conditionals="0" coveredconditionals="0" methods="17" coveredmethods="17" elements="79" coveredelements="79" complexity="0" loc="62" ncloc="62" packages="1" files="3" classes="3"/>
    <file name="joiUtil.js" path="/Users/jacobworrel/open-source/joi-doc-gen/src/joiUtil.js">
      <metrics statements="37" coveredstatements="37" conditionals="0" coveredconditionals="0" methods="11" coveredmethods="11"/>
      <line num="1" count="1" type="stmt"/>
      <line num="2" count="1" type="stmt"/>
      <line num="3" count="1" type="stmt"/>
      <line num="5" count="1" type="stmt"/>
      <line num="7" count="1" type="stmt"/>
      <line num="9" count="1" type="stmt"/>
      <line num="10" count="37" type="stmt"/>
      <line num="13" count="2" type="stmt"/>
      <line num="17" count="1" type="stmt"/>
      <line num="18" count="41" type="stmt"/>
      <line num="26" count="1" type="stmt"/>
      <line num="27" count="60" type="stmt"/>
      <line num="34" count="1" type="stmt"/>
      <line num="35" count="60" type="stmt"/>
      <line num="44" count="1" type="stmt"/>
      <line num="49" count="1" type="stmt"/>
      <line num="54" count="1" type="stmt"/>
      <line num="58" count="1" type="stmt"/>
      <line num="65" count="1" type="stmt"/>
      <line num="71" count="1" type="stmt"/>
      <line num="72" count="1" type="stmt"/>
      <line num="73" count="1" type="stmt"/>
      <line num="74" count="1" type="stmt"/>
      <line num="76" count="1" type="stmt"/>
      <line num="77" count="1" type="stmt"/>
      <line num="78" count="30" type="stmt"/>
      <line num="92" count="1" type="stmt"/>
      <line num="93" count="15" type="stmt"/>
      <line num="111" count="1" type="stmt"/>
      <line num="112" count="1" type="stmt"/>
      <line num="113" count="1" type="stmt"/>
      <line num="125" count="1" type="stmt"/>
      <line num="133" count="1" type="stmt"/>
      <line num="145" count="4" type="stmt"/>
      <line num="146" count="1" type="stmt"/>
      <line num="147" count="4" type="stmt"/>
      <line num="159" count="1" type="stmt"/>
    </file>
    <file name="makeMarkdownByFilename.js" path="/Users/jacobworrel/open-source/joi-doc-gen/src/makeMarkdownByFilename.js">
      <metrics statements="16" coveredstatements="16" conditionals="0" coveredconditionals="0" methods="4" coveredmethods="4"/>
      <line num="1" count="1" type="stmt"/>
      <line num="2" count="1" type="stmt"/>
      <line num="3" count="1" type="stmt"/>
      <line num="4" count="1" type="stmt"/>
      <line num="7" count="17" type="stmt"/>
      <line num="9" count="17" type="stmt"/>
      <line num="10" count="19" type="stmt"/>
      <line num="14" count="18" type="stmt"/>
      <line num="18" count="17" type="stmt"/>
      <line num="20" count="17" type="stmt"/>
      <line num="23" count="20" type="stmt"/>
      <line num="54" count="17" type="stmt"/>
      <line num="59" count="17" type="stmt"/>
      <line num="62" count="17" type="stmt"/>
      <line num="64" count="15" type="stmt"/>
      <line num="67" count="1" type="stmt"/>
    </file>
    <file name="markdownUtil.js" path="/Users/jacobworrel/open-source/joi-doc-gen/src/markdownUtil.js">
      <metrics statements="9" coveredstatements="9" conditionals="0" coveredconditionals="0" methods="2" coveredmethods="2"/>
      <line num="1" count="1" type="stmt"/>
      <line num="3" count="1" type="stmt"/>
      <line num="5" count="1" type="stmt"/>
      <line num="6" count="4" type="stmt"/>
      <line num="7" count="1" type="stmt"/>
      <line num="8" count="1" type="stmt"/>
      <line num="9" count="1" type="stmt"/>
      <line num="10" count="32" type="stmt"/>
      <line num="12" count="1" type="stmt"/>
    </file>
  </project>
</coverage>
