{"/Users/jacobworrel/open-source/joi-doc-gen/src/joiUtil.js": {"path":"/Users/jacobworrel/open-source/joi-doc-gen/src/joiUtil.js","statementMap":{"0":{"start":{"line":1,"column":10},"end":{"line":1,"column":26}},"1":{"start":{"line":2,"column":12},"end":{"line":2,"column":37}},"2":{"start":{"line":3,"column":22},"end":{"line":3,"column":60}},"3":{"start":{"line":5,"column":27},"end":{"line":5,"column":28}},"4":{"start":{"line":7,"column":11},"end":{"line":7,"column":13}},"5":{"start":{"line":9,"column":0},"end":{"line":15,"column":4}},"6":{"start":{"line":10,"column":2},"end":{"line":15,"column":3}},"7":{"start":{"line":13,"column":6},"end":{"line":13,"column":27}},"8":{"start":{"line":17,"column":0},"end":{"line":24,"column":4}},"9":{"start":{"line":18,"column":2},"end":{"line":24,"column":3}},"10":{"start":{"line":26,"column":0},"end":{"line":32,"column":4}},"11":{"start":{"line":27,"column":2},"end":{"line":32,"column":3}},"12":{"start":{"line":34,"column":0},"end":{"line":42,"column":4}},"13":{"start":{"line":35,"column":2},"end":{"line":42,"column":3}},"14":{"start":{"line":44,"column":0},"end":{"line":48,"column":2}},"15":{"start":{"line":49,"column":0},"end":{"line":53,"column":2}},"16":{"start":{"line":54,"column":0},"end":{"line":57,"column":2}},"17":{"start":{"line":58,"column":0},"end":{"line":64,"column":2}},"18":{"start":{"line":65,"column":0},"end":{"line":69,"column":2}},"19":{"start":{"line":71,"column":0},"end":{"line":71,"column":73}},"20":{"start":{"line":72,"column":0},"end":{"line":72,"column":57}},"21":{"start":{"line":73,"column":0},"end":{"line":73,"column":55}},"22":{"start":{"line":74,"column":0},"end":{"line":74,"column":68}},"23":{"start":{"line":76,"column":0},"end":{"line":76,"column":68}},"24":{"start":{"line":77,"column":0},"end":{"line":89,"column":2}},"25":{"start":{"line":78,"column":2},"end":{"line":88,"column":3}},"26":{"start":{"line":92,"column":0},"end":{"line":108,"column":3}},"27":{"start":{"line":93,"column":2},"end":{"line":107,"column":5}},"28":{"start":{"line":111,"column":0},"end":{"line":123,"column":3}},"29":{"start":{"line":112,"column":19},"end":{"line":112,"column":47}},"30":{"start":{"line":113,"column":2},"end":{"line":122,"column":5}},"31":{"start":{"line":125,"column":0},"end":{"line":142,"column":2}},"32":{"start":{"line":133,"column":8},"end":{"line":136,"column":10}},"33":{"start":{"line":145,"column":0},"end":{"line":145,"column":77}},"34":{"start":{"line":145,"column":26},"end":{"line":145,"column":76}},"35":{"start":{"line":146,"column":0},"end":{"line":157,"column":3}},"36":{"start":{"line":147,"column":2},"end":{"line":156,"column":5}},"37":{"start":{"line":159,"column":0},"end":{"line":159,"column":20}}},"fnMap":{"0":{"name":"(anonymous_0)","decl":{"start":{"line":9,"column":18},"end":{"line":9,"column":19}},"loc":{"start":{"line":10,"column":2},"end":{"line":15,"column":3}},"line":10},"1":{"name":"(anonymous_1)","decl":{"start":{"line":12,"column":10},"end":{"line":12,"column":11}},"loc":{"start":{"line":12,"column":16},"end":{"line":14,"column":5}},"line":12},"2":{"name":"(anonymous_2)","decl":{"start":{"line":17,"column":14},"end":{"line":17,"column":15}},"loc":{"start":{"line":18,"column":2},"end":{"line":24,"column":3}},"line":18},"3":{"name":"(anonymous_3)","decl":{"start":{"line":26,"column":14},"end":{"line":26,"column":15}},"loc":{"start":{"line":27,"column":2},"end":{"line":32,"column":3}},"line":27},"4":{"name":"(anonymous_4)","decl":{"start":{"line":34,"column":15},"end":{"line":34,"column":16}},"loc":{"start":{"line":35,"column":2},"end":{"line":42,"column":3}},"line":35},"5":{"name":"(anonymous_5)","decl":{"start":{"line":77,"column":33},"end":{"line":77,"column":34}},"loc":{"start":{"line":78,"column":2},"end":{"line":88,"column":3}},"line":78},"6":{"name":"(anonymous_6)","decl":{"start":{"line":92,"column":32},"end":{"line":92,"column":33}},"loc":{"start":{"line":92,"column":46},"end":{"line":108,"column":1}},"line":92},"7":{"name":"(anonymous_7)","decl":{"start":{"line":111,"column":29},"end":{"line":111,"column":30}},"loc":{"start":{"line":111,"column":43},"end":{"line":123,"column":1}},"line":111},"8":{"name":"(anonymous_8)","decl":{"start":{"line":132,"column":13},"end":{"line":132,"column":14}},"loc":{"start":{"line":133,"column":8},"end":{"line":136,"column":10}},"line":133},"9":{"name":"(anonymous_9)","decl":{"start":{"line":145,"column":19},"end":{"line":145,"column":20}},"loc":{"start":{"line":145,"column":26},"end":{"line":145,"column":76}},"line":145},"10":{"name":"(anonymous_10)","decl":{"start":{"line":146,"column":28},"end":{"line":146,"column":29}},"loc":{"start":{"line":146,"column":42},"end":{"line":157,"column":1}},"line":146}},"branchMap":{},"s":{"0":1,"1":1,"2":1,"3":1,"4":1,"5":1,"6":37,"7":2,"8":1,"9":41,"10":1,"11":60,"12":1,"13":60,"14":1,"15":1,"16":1,"17":1,"18":1,"19":1,"20":1,"21":1,"22":1,"23":1,"24":1,"25":30,"26":1,"27":15,"28":1,"29":1,"30":1,"31":1,"32":1,"33":1,"34":4,"35":1,"36":4,"37":1},"f":{"0":37,"1":2,"2":41,"3":60,"4":60,"5":30,"6":15,"7":1,"8":1,"9":4,"10":4},"b":{},"_coverageSchema":"43e27e138ebf9cfc5966b082cf9a028302ed4184","hash":"731eaf79d781650e39966681dd098f26d0a95ea2"}
,"/Users/jacobworrel/open-source/joi-doc-gen/src/makeMarkdownByFilename.js": {"path":"/Users/jacobworrel/open-source/joi-doc-gen/src/makeMarkdownByFilename.js","statementMap":{"0":{"start":{"line":1,"column":16},"end":{"line":1,"column":34}},"1":{"start":{"line":2,"column":11},"end":{"line":2,"column":31}},"2":{"start":{"line":3,"column":12},"end":{"line":3,"column":37}},"3":{"start":{"line":4,"column":10},"end":{"line":4,"column":26}},"4":{"start":{"line":7,"column":29},"end":{"line":7,"column":31}},"5":{"start":{"line":9,"column":27},"end":{"line":60,"column":4}},"6":{"start":{"line":10,"column":17},"end":{"line":13,"column":13}},"7":{"start":{"line":14,"column":21},"end":{"line":17,"column":13}},"8":{"start":{"line":18,"column":21},"end":{"line":18,"column":55}},"9":{"start":{"line":20,"column":17},"end":{"line":57,"column":13}},"10":{"start":{"line":23,"column":8},"end":{"line":49,"column":14}},"11":{"start":{"line":54,"column":14},"end":{"line":54,"column":36}},"12":{"start":{"line":59,"column":4},"end":{"line":59,"column":49}},"13":{"start":{"line":62,"column":2},"end":{"line":62,"column":46}},"14":{"start":{"line":64,"column":2},"end":{"line":64,"column":28}},"15":{"start":{"line":67,"column":0},"end":{"line":67,"column":40}}},"fnMap":{"0":{"name":"makeMarkdownByFilename","decl":{"start":{"line":6,"column":9},"end":{"line":6,"column":31}},"loc":{"start":{"line":6,"column":44},"end":{"line":65,"column":1}},"line":6},"1":{"name":"(anonymous_1)","decl":{"start":{"line":9,"column":35},"end":{"line":9,"column":36}},"loc":{"start":{"line":9,"column":53},"end":{"line":60,"column":3}},"line":9},"2":{"name":"(anonymous_2)","decl":{"start":{"line":22,"column":22},"end":{"line":22,"column":23}},"loc":{"start":{"line":23,"column":8},"end":{"line":49,"column":14}},"line":23},"3":{"name":"(anonymous_3)","decl":{"start":{"line":54,"column":8},"end":{"line":54,"column":9}},"loc":{"start":{"line":54,"column":14},"end":{"line":54,"column":36}},"line":54}},"branchMap":{},"s":{"0":1,"1":1,"2":1,"3":1,"4":17,"5":17,"6":19,"7":18,"8":17,"9":17,"10":20,"11":17,"12":17,"13":17,"14":15,"15":1},"f":{"0":17,"1":19,"2":20,"3":17},"b":{},"_coverageSchema":"43e27e138ebf9cfc5966b082cf9a028302ed4184","hash":"21d77b353e78431e2c877deeafdd81247605c6e5"}
,"/Users/jacobworrel/open-source/joi-doc-gen/src/markdownUtil.js": {"path":"/Users/jacobworrel/open-source/joi-doc-gen/src/markdownUtil.js","statementMap":{"0":{"start":{"line":1,"column":10},"end":{"line":1,"column":26}},"1":{"start":{"line":3,"column":11},"end":{"line":3,"column":13}},"2":{"start":{"line":5,"column":0},"end":{"line":5,"column":32}},"3":{"start":{"line":6,"column":0},"end":{"line":6,"column":68}},"4":{"start":{"line":6,"column":38},"end":{"line":6,"column":67}},"5":{"start":{"line":7,"column":0},"end":{"line":7,"column":64}},"6":{"start":{"line":8,"column":0},"end":{"line":8,"column":32}},"7":{"start":{"line":9,"column":0},"end":{"line":9,"column":35}},"8":{"start":{"line":10,"column":0},"end":{"line":10,"column":37}},"9":{"start":{"line":10,"column":26},"end":{"line":10,"column":36}},"10":{"start":{"line":12,"column":0},"end":{"line":12,"column":20}}},"fnMap":{"0":{"name":"(anonymous_0)","decl":{"start":{"line":6,"column":14},"end":{"line":6,"column":15}},"loc":{"start":{"line":6,"column":38},"end":{"line":6,"column":67}},"line":6},"1":{"name":"(anonymous_1)","decl":{"start":{"line":10,"column":21},"end":{"line":10,"column":22}},"loc":{"start":{"line":10,"column":26},"end":{"line":10,"column":36}},"line":10}},"branchMap":{},"s":{"0":1,"1":1,"2":1,"3":1,"4":4,"5":1,"6":1,"7":1,"8":1,"9":32,"10":1},"f":{"0":4,"1":32},"b":{},"_coverageSchema":"43e27e138ebf9cfc5966b082cf9a028302ed4184","hash":"06cb71d7aea9a163b201d5685a3c0229a8c22e34"}
}
