TN:
SF:/Users/jacobworrel/open-source/joi-doc-gen/src/joiUtil.js
FN:9,(anonymous_0)
FN:12,(anonymous_1)
FN:17,(anonymous_2)
FN:26,(anonymous_3)
FN:34,(anonymous_4)
FN:77,(anonymous_5)
FN:92,(anonymous_6)
FN:111,(anonymous_7)
FN:132,(anonymous_8)
FN:145,(anonymous_9)
FN:146,(anonymous_10)
FNF:11
FNH:11
FNDA:37,(anonymous_0)
FNDA:2,(anonymous_1)
FNDA:41,(anonymous_2)
FNDA:60,(anonymous_3)
FNDA:60,(anonymous_4)
FNDA:30,(anonymous_5)
FNDA:15,(anonymous_6)
FNDA:1,(anonymous_7)
FNDA:1,(anonymous_8)
FNDA:4,(anonymous_9)
FNDA:4,(anonymous_10)
DA:1,1
DA:2,1
DA:3,1
DA:5,1
DA:7,1
DA:9,1
DA:10,37
DA:13,2
DA:17,1
DA:18,41
DA:26,1
DA:27,60
DA:34,1
DA:35,60
DA:44,1
DA:49,1
DA:54,1
DA:58,1
DA:65,1
DA:71,1
DA:72,1
DA:73,1
DA:74,1
DA:76,1
DA:77,1
DA:78,30
DA:92,1
DA:93,15
DA:111,1
DA:112,1
DA:113,1
DA:125,1
DA:133,1
DA:145,4
DA:146,1
DA:147,4
DA:159,1
LF:37
LH:37
BRF:0
BRH:0
end_of_record
TN:
SF:/Users/jacobworrel/open-source/joi-doc-gen/src/makeMarkdownByFilename.js
FN:6,makeMarkdownByFilename
FN:9,(anonymous_1)
FN:22,(anonymous_2)
FN:54,(anonymous_3)
FNF:4
FNH:4
FNDA:17,makeMarkdownByFilename
FNDA:19,(anonymous_1)
FNDA:20,(anonymous_2)
FNDA:17,(anonymous_3)
DA:1,1
DA:2,1
DA:3,1
DA:4,1
DA:7,17
DA:9,17
DA:10,19
DA:14,18
DA:18,17
DA:20,17
DA:23,20
DA:54,17
DA:59,17
DA:62,17
DA:64,15
DA:67,1
LF:16
LH:16
BRF:0
BRH:0
end_of_record
TN:
SF:/Users/jacobworrel/open-source/joi-doc-gen/src/markdownUtil.js
FN:6,(anonymous_0)
FN:10,(anonymous_1)
FNF:2
FNH:2
FNDA:4,(anonymous_0)
FNDA:32,(anonymous_1)
DA:1,1
DA:3,1
DA:5,1
DA:6,4
DA:7,1
DA:8,1
DA:9,1
DA:10,32
DA:12,1
LF:9
LH:9
BRF:0
BRH:0
end_of_record
